<?xml version="1.0" encoding="UTF-8"?>
<!-- Generated by org.testng.reporters.JUnitXMLReporter -->
<testsuite hostname="Sri-PC" ignored="0" name="Test" tests="4" failures="1" timestamp="14 Feb 2018 12:25:03 GMT" time="30.024" errors="0">
  <testcase name="@AfterTest appClose" time="0.0" classname="practice.AdminLoginTestNG1">
    <failure type="java.lang.NullPointerException">
      <![CDATA[java.lang.NullPointerExceptionat practice.AdminLoginTestNG1.appClose(AdminLoginTestNG1.java:29)... Removed 24 stack frames]]>
    </failure>
  </testcase> <!-- @AfterTest appClose -->
  <testcase name="appLaunch" time="0.005" classname="practice.MultipleTest"/>
  <testcase name="appLogin" time="0.003" classname="practice.MultipleTest"/>
  <testcase name="appLogin" time="0.01" classname="practice.AdminLoginTestNG1">
    <failure type="java.lang.NullPointerException">
      <![CDATA[java.lang.NullPointerExceptionat practice.AdminLoginTestNG1.appLogin(AdminLoginTestNG1.java:22)... Removed 25 stack frames]]>
    </failure>
  </testcase> <!-- appLogin -->
  <testcase name="admin" time="17.305" classname="practice.AdminLoginTestNG"/>
</testsuite> <!-- Test -->
